\BOOKMARK [0][]{chapter*.1}{\376\377\000M\036\345\000c\000\040\000l\036\345\000c}{}% 1
\BOOKMARK [0][]{chapter*.2}{\376\377\000D\000a\000n\000h\000\040\000s\000\341\000c\000h\000\040\000h\000\354\000n\000h\000\040\000v\036\275}{}% 2
\BOOKMARK [0][]{chapter*.3}{\376\377\000N\000o\000m\000e\000n\000c\000l\000a\000t\000u\000r\000e}{}% 3
\BOOKMARK [0][]{chapter.1}{\376\377\0001\000\040\000T\036\325\000n\000g\000\040\000Q\000u\000a\000n}{}% 4
\BOOKMARK [1][]{section.1.1}{\376\377\0001\000.\0001\000\040\000G\000i\036\333\000i\000\040\000t\000h\000i\036\307\000u\000\040\001\021\036\301\000\040\000t\000\340\000i}{chapter.1}% 5
\BOOKMARK [1][]{section.1.2}{\376\377\0001\000.\0002\000\040\000T\000\355\000n\000h\000\040\000c\036\245\000p\000\040\000t\000h\000i\036\277\000t}{chapter.1}% 6
\BOOKMARK [1][]{section.1.3}{\376\377\0001\000.\0003\000\040\000T\000h\000\341\000c\000h\000\040\000t\000h\036\351\000c}{chapter.1}% 7
\BOOKMARK [1][]{section.1.4}{\376\377\0001\000.\0004\000\040\000\335\000\040\000t\001\260\036\337\000n\000g\000\040\000k\000h\000o\000a\000\040\000h\036\315\000c}{chapter.1}% 8
\BOOKMARK [1][]{section.1.5}{\376\377\0001\000.\0005\000\040\000M\036\345\000c\000\040\000t\000i\000\352\000u\000\040\000h\001\260\036\333\000n\000g\000\040\000t\036\333\000i}{chapter.1}% 9
\BOOKMARK [0][]{chapter.2}{\376\377\0002\000\040\000C\001\241\000\040\000S\036\337\000\040\000L\000\375\000\040\000T\000h\000u\000y\036\277\000t\000\040\000V\000\340\000\040\000C\000\341\000c\000\040\000N\000g\000h\000i\000\352\000n\000\040\000C\036\351\000u\000\040\000L\000i\000\352\000n\000\040\000Q\000u\000a\000n}{}% 10
\BOOKMARK [1][]{section.2.1}{\376\377\0002\000.\0001\000\040\000T\036\325\000n\000g\000\040\000q\000u\000a\000n\000\040\000v\036\301\000\040\000b\000\340\000i\000\040\000t\000o\000\341\000n\000\040\000n\000h\036\255\000n\000\040\000d\000i\036\307\000n\000\040\000v\036\255\000t\000\040\000t\000h\036\303}{chapter.2}% 11
\BOOKMARK [1][]{section.2.2}{\376\377\0002\000.\0002\000\040\000F\000a\000s\000t\000e\000r\000\040\000R\000-\000C\000N\000N}{chapter.2}% 12
\BOOKMARK [2][]{subsection.2.2.1}{\376\377\0002\000.\0002\000.\0001\000\040\000K\000i\036\277\000n\000\040\000t\000r\000\372\000c\000\040\000c\000h\000u\000n\000g}{section.2.2}% 13
\BOOKMARK [2][]{subsection.2.2.2}{\376\377\0002\000.\0002\000.\0002\000\040\000R\000-\000C\000N\000N\000\040\000\050\0002\0000\0001\0004\000\051}{section.2.2}% 14
\BOOKMARK [2][]{subsection.2.2.3}{\376\377\0002\000.\0002\000.\0003\000\040\000F\000a\000s\000t\000\040\000R\000-\000C\000N\000N\000\040\000\050\0002\0000\0001\0005\000\051}{section.2.2}% 15
\BOOKMARK [2][]{subsection.2.2.4}{\376\377\0002\000.\0002\000.\0004\000\040\000F\000a\000s\000t\000e\000r\000\040\000R\000-\000C\000N\000N\000\040\000\050\0002\0000\0001\0006\000\051}{section.2.2}% 16
\BOOKMARK [1][]{section.2.3}{\376\377\0002\000.\0003\000\040\000Y\000O\000L\000O\000v\0007\000\040\000\050\0002\0000\0002\0002\000\051}{chapter.2}% 17
\BOOKMARK [0][]{chapter.3}{\376\377\0003\000\040\000T\000h\036\361\000c\000\040\000N\000g\000h\000i\036\307\000m\000\040\000V\000\340\000\040\000K\036\277\000t\000\040\000Q\000u\036\243}{}% 18
\BOOKMARK [1][]{section.3.1}{\376\377\0003\000.\0001\000\040\000C\000\340\000i\000\040\001\021\036\267\000t\000\040\000t\000h\036\361\000c\000\040\000n\000g\000h\000i\036\307\000m}{chapter.3}% 19
\BOOKMARK [1][]{section.3.2}{\376\377\0003\000.\0002\000\040\000K\036\277\000t\000\040\000q\000u\036\243\000\040\000t\000h\036\361\000c\000\040\000n\000g\000h\000i\036\307\000m}{chapter.3}% 20
\BOOKMARK [0][]{chapter.4}{\376\377\0004\000\040\000K\036\277\000t\000\040\000l\000u\036\255\000n\000\040\000v\000\340\000\040\000h\001\260\036\333\000n\000g\000\040\000p\000h\000\341\000t\000\040\000t\000r\000i\036\303\000n}{}% 21
\BOOKMARK [0][]{appendix*.21}{\376\377\000P\000h\036\345\000\040\000l\036\345\000c\000\040\000A}{}% 22
\BOOKMARK [0][]{appendix*.22}{\376\377\000P\000h\036\345\000\040\000l\036\345\000c\000\040\000B}{}% 23
\BOOKMARK [0][]{appendix*.23}{\376\377\000R\000e\000f\000e\000r\000e\000n\000c\000e\000s}{}% 24
